18:30:43 **** Incremental Build of configuration Debug for project stm32f4xx_drivers ****
make -j3 all 
arm-none-eabi-gcc "../Src/007I2C_master_rx_test.c" -mcpu=cortex-m4 -std=gnu11 -g3 -DDEBUG -DSTM32 -DSTM32F4 -DSTM32F446ZETx -c -I../Inc -I"/Users/sscl/Desktop/m11003419/自學/cortexm/stm32f4xx_drivers/drivers/Inc" -O0 -ffunction-sections -fdata-sections -Wall -fstack-usage -MMD -MP -MF"Src/007I2C_master_rx_test.d" -MT"Src/007I2C_master_rx_test.o" --specs=nano.specs -mfpu=fpv4-sp-d16 -mfloat-abi=hard -mthumb -o "Src/007I2C_master_rx_test.o"
arm-none-eabi-gcc -o "stm32f4xx_drivers.elf" @"objects.list"   -mcpu=cortex-m4 -T"/Users/sscl/Desktop/m11003419/自學/cortexm/stm32f4xx_drivers/STM32F446ZETX_FLASH.ld" --specs=nosys.specs -Wl,-Map="stm32f4xx_drivers.map" -Wl,--gc-sections -static --specs=nano.specs -mfpu=fpv4-sp-d16 -mfloat-abi=hard -mthumb -Wl,--start-group -lc -lm -Wl,--end-group
/Applications/STM32CubeIDE.app/Contents/Eclipse/plugins/com.st.stm32cube.ide.mcu.externaltools.gnu-tools-for-stm32.10.3-2021.10.macos64_1.0.100.202210260954/tools/bin/../lib/gcc/arm-none-eabi/10.3.1/../../../../arm-none-eabi/bin/ld: ./Src/007I2C_master_rx_test.o: in function `main':
/Users/sscl/Desktop/m11003419/自學/cortexm/stm32f4xx_drivers/Debug/../Src/007I2C_master_rx_test.c:86: undefined reference to `initialise_monitor_handles'
collect2: error: ld returned 1 exit status
make: *** [makefile:64: stm32f4xx_drivers.elf] Error 1
"make -j3 all" terminated with exit code 2. Build might be incomplete.
18:35:53 **** Incremental Build of configuration Debug for project stm32f4xx_drivers ****
make -j3 all 
arm-none-eabi-gcc "../Src/007I2C_master_rx_test.c" -mcpu=cortex-m4 -std=gnu11 -g3 -DDEBUG -DSTM32 -DSTM32F4 -DSTM32F446ZETx -c -I../Inc -I"/Users/sscl/Desktop/m11003419/自學/cortexm/stm32f4xx_drivers/drivers/Inc" -O0 -ffunction-sections -fdata-sections -Wall -fstack-usage -MMD -MP -MF"Src/007I2C_master_rx_test.d" -MT"Src/007I2C_master_rx_test.o" --specs=nano.specs -mfpu=fpv4-sp-d16 -mfloat-abi=hard -mthumb -o "Src/007I2C_master_rx_test.o"
arm-none-eabi-gcc -o "stm32f4xx_drivers.elf" @"objects.list"  -lrdimon -mcpu=cortex-m4 -T"/Users/sscl/Desktop/m11003419/自學/cortexm/stm32f4xx_drivers/STM32F446ZETX_FLASH.ld" --specs=nosys.specs -Wl,-Map="stm32f4xx_drivers.map" -Wl,--gc-sections -static -specs=rdimon.specs --specs=nano.specs -mfpu=fpv4-sp-d16 -mfloat-abi=hard -mthumb -Wl,--start-group -lc -lm -Wl,--end-group
Finished building target: stm32f4xx_drivers.elf
 
arm-none-eabi-size   stm32f4xx_drivers.elf 
arm-none-eabi-objdump -h -S  stm32f4xx_drivers.elf  > "stm32f4xx_drivers.list"
   text	   data	    bss	    dec	    hex	filename
   9744	    144	   1832	  11720	   2dc8	stm32f4xx_drivers.elf
Finished building: default.size.stdout
 
Finished building: stm32f4xx_drivers.list
 
18:36:00 **** Incremental Build of configuration Debug for project stm32f4xx_drivers ****
make -j3 all 
arm-none-eabi-size   stm32f4xx_drivers.elf 
   text	   data	    bss	    dec	    hex	filename
   9744	    144	   1832	  11720	   2dc8	stm32f4xx_drivers.elf
Finished building: default.size.stdout
 
18:37:04 **** Incremental Build of configuration Debug for project stm32f4xx_drivers ****
make -j3 all 
arm-none-eabi-size   stm32f4xx_drivers.elf 
   text	   data	    bss	    dec	    hex	filename
   9744	    144	   1832	  11720	   2dc8	stm32f4xx_drivers.elf
Finished building: default.size.stdout
 
18:38:23 **** Incremental Build of configuration Debug for project stm32f4xx_drivers ****
make -j3 all 
arm-none-eabi-size   stm32f4xx_drivers.elf 
   text	   data	    bss	    dec	    hex	filename
   9744	    144	   1832	  11720	   2dc8	stm32f4xx_drivers.elf
Finished building: default.size.stdout
 
18:38:40 **** Incremental Build of configuration Debug for project stm32f4xx_drivers ****
make -j3 all 
arm-none-eabi-size   stm32f4xx_drivers.elf 
   text	   data	    bss	    dec	    hex	filename
   9744	    144	   1832	  11720	   2dc8	stm32f4xx_drivers.elf
Finished building: default.size.stdout
 
18:45:03 **** Incremental Build of configuration Debug for project stm32f4xx_drivers ****
make -j3 all 
arm-none-eabi-size   stm32f4xx_drivers.elf 
   text	   data	    bss	    dec	    hex	filename
   9744	    144	   1832	  11720	   2dc8	stm32f4xx_drivers.elf
Finished building: default.size.stdout
 
18:45:50 **** Incremental Build of configuration Debug for project stm32f4xx_drivers ****
make -j3 all 
arm-none-eabi-gcc -o "stm32f4xx_drivers.elf" @"objects.list"   -mcpu=cortex-m4 -T"/Users/sscl/Desktop/m11003419/自學/cortexm/stm32f4xx_drivers/STM32F446ZETX_FLASH.ld" --specs=nosys.specs -Wl,-Map="stm32f4xx_drivers.map" -Wl,--gc-sections -static --specs=nano.specs -mfpu=fpv4-sp-d16 -mfloat-abi=hard -mthumb -Wl,--start-group -lc -lm -Wl,--end-group
/Applications/STM32CubeIDE.app/Contents/Eclipse/plugins/com.st.stm32cube.ide.mcu.externaltools.gnu-tools-for-stm32.10.3-2021.10.macos64_1.0.100.202210260954/tools/bin/../lib/gcc/arm-none-eabi/10.3.1/../../../../arm-none-eabi/bin/ld: ./Src/007I2C_master_rx_test.o: in function `main':
/Users/sscl/Desktop/m11003419/自學/cortexm/stm32f4xx_drivers/Debug/../Src/007I2C_master_rx_test.c:86: undefined reference to `initialise_monitor_handles'
collect2: error: ld returned 1 exit status
make: *** [makefile:64: stm32f4xx_drivers.elf] Error 1
"make -j3 all" terminated with exit code 2. Build might be incomplete.
18:48:41 **** Incremental Build of configuration Debug for project stm32f4xx_drivers ****
make -j3 all 
arm-none-eabi-gcc -o "stm32f4xx_drivers.elf" @"objects.list"   -mcpu=cortex-m4 -T"/Users/sscl/Desktop/m11003419/自學/cortexm/stm32f4xx_drivers/STM32F446ZETX_FLASH.ld" --specs=nosys.specs -Wl,-Map="stm32f4xx_drivers.map" -Wl,--gc-sections -static --specs=nano.specs -mfpu=fpv4-sp-d16 -mfloat-abi=hard -mthumb -Wl,--start-group -lc -lm -Wl,--end-group
/Applications/STM32CubeIDE.app/Contents/Eclipse/plugins/com.st.stm32cube.ide.mcu.externaltools.gnu-tools-for-stm32.10.3-2021.10.macos64_1.0.100.202210260954/tools/bin/../lib/gcc/arm-none-eabi/10.3.1/../../../../arm-none-eabi/bin/ld: ./Src/007I2C_master_rx_test.o: in function `main':
/Users/sscl/Desktop/m11003419/自學/cortexm/stm32f4xx_drivers/Debug/../Src/007I2C_master_rx_test.c:86: undefined reference to `initialise_monitor_handles'
collect2: error: ld returned 1 exit status
make: *** [makefile:64: stm32f4xx_drivers.elf] Error 1
"make -j3 all" terminated with exit code 2. Build might be incomplete.
18:52:12 **** Incremental Build of configuration Debug for project stm32f4xx_drivers ****
make -j3 all 
arm-none-eabi-gcc -o "stm32f4xx_drivers.elf" @"objects.list"   -mcpu=cortex-m4 -T"/Users/sscl/Desktop/m11003419/自學/cortexm/stm32f4xx_drivers/STM32F446ZETX_FLASH.ld" --specs=nosys.specs -Wl,-Map="stm32f4xx_drivers.map" -Wl,--gc-sections -static -specs=rdimon.specs -lc -lrdimon --specs=nano.specs -mfpu=fpv4-sp-d16 -mfloat-abi=hard -mthumb -Wl,--start-group -lc -lm -Wl,--end-group
Finished building target: stm32f4xx_drivers.elf
 
arm-none-eabi-size   stm32f4xx_drivers.elf 
arm-none-eabi-objdump -h -S  stm32f4xx_drivers.elf  > "stm32f4xx_drivers.list"
   text	   data	    bss	    dec	    hex	filename
   9744	    144	   1832	  11720	   2dc8	stm32f4xx_drivers.elf
Finished building: default.size.stdout
 
Finished building: stm32f4xx_drivers.list
 
18:58:15 **** Incremental Build of configuration Debug for project stm32f4xx_drivers ****
make -j3 all 
arm-none-eabi-gcc "../Src/007I2C_master_rx_test.c" -mcpu=cortex-m4 -std=gnu11 -g3 -DDEBUG -DSTM32 -DSTM32F4 -DSTM32F446ZETx -c -I../Inc -I"/Users/sscl/Desktop/m11003419/自學/cortexm/stm32f4xx_drivers/drivers/Inc" -O0 -ffunction-sections -fdata-sections -Wall -fstack-usage -MMD -MP -MF"Src/007I2C_master_rx_test.d" -MT"Src/007I2C_master_rx_test.o" --specs=nano.specs -mfpu=fpv4-sp-d16 -mfloat-abi=hard -mthumb -o "Src/007I2C_master_rx_test.o"
arm-none-eabi-gcc -o "stm32f4xx_drivers.elf" @"objects.list"   -mcpu=cortex-m4 -T"/Users/sscl/Desktop/m11003419/自學/cortexm/stm32f4xx_drivers/STM32F446ZETX_FLASH.ld" --specs=nosys.specs -Wl,-Map="stm32f4xx_drivers.map" -Wl,--gc-sections -static -specs=rdimon.specs -lc -lrdimon --specs=nano.specs -mfpu=fpv4-sp-d16 -mfloat-abi=hard -mthumb -Wl,--start-group -lc -lm -Wl,--end-group
Finished building target: stm32f4xx_drivers.elf
 
arm-none-eabi-size   stm32f4xx_drivers.elf 
arm-none-eabi-objdump -h -S  stm32f4xx_drivers.elf  > "stm32f4xx_drivers.list"
   text	   data	    bss	    dec	    hex	filename
   9744	    144	   1832	  11720	   2dc8	stm32f4xx_drivers.elf
Finished building: default.size.stdout
 
Finished building: stm32f4xx_drivers.list
 
18:58:19 **** Incremental Build of configuration Debug for project stm32f4xx_drivers ****
make -j3 all 
arm-none-eabi-size   stm32f4xx_drivers.elf 
   text	   data	    bss	    dec	    hex	filename
   9744	    144	   1832	  11720	   2dc8	stm32f4xx_drivers.elf
Finished building: default.size.stdout
 
19:03:56 **** Incremental Build of configuration Debug for project stm32f4xx_drivers ****
make -j3 all 
arm-none-eabi-size   stm32f4xx_drivers.elf 
   text	   data	    bss	    dec	    hex	filename
   9744	    144	   1832	  11720	   2dc8	stm32f4xx_drivers.elf
Finished building: default.size.stdout
 
19:04:23 **** Incremental Build of configuration Debug for project stm32f4xx_drivers ****
make -j3 all 
arm-none-eabi-size   stm32f4xx_drivers.elf 
   text	   data	    bss	    dec	    hex	filename
   9744	    144	   1832	  11720	   2dc8	stm32f4xx_drivers.elf
Finished building: default.size.stdout
 
17:08:11 **** Clean-only build of configuration Debug for project stm32f4xx_drivers ****
make -j3 clean 
rm -rf ./drivers/Src/stm32f446_gpio_driver.d ./drivers/Src/stm32f446_gpio_driver.o ./drivers/Src/stm32f446_gpio_driver.su ./drivers/Src/stm32f446_i2c_driver.d ./drivers/Src/stm32f446_i2c_driver.o ./drivers/Src/stm32f446_i2c_driver.su ./drivers/Src/stm32f446_spi_driver.d ./drivers/Src/stm32f446_spi_driver.o ./drivers/Src/stm32f446_spi_driver.su
rm -rf ./Startup/startup_stm32f446zetx.d ./Startup/startup_stm32f446zetx.o
rm -rf ./Src/007I2C_master_rx_test.d ./Src/007I2C_master_rx_test.o ./Src/007I2C_master_rx_test.su
rm -rf default.size.stdout stm32f4xx_drivers.elf stm32f4xx_drivers.list stm32f4xx_drivers.map
 
17:08:11 **** Incremental Build of configuration Debug for project stm32f4xx_drivers ****
make -j3 all 
arm-none-eabi-gcc "../drivers/Src/stm32f446_gpio_driver.c" -mcpu=cortex-m4 -std=gnu11 -g3 -DDEBUG -DSTM32 -DSTM32F4 -DSTM32F446ZETx -c -I../Inc -I"/Users/sscl/Desktop/m11003419/自學/cortexm/stm32f4xx_drivers/drivers/Inc" -O0 -ffunction-sections -fdata-sections -Wall -fstack-usage -MMD -MP -MF"drivers/Src/stm32f446_gpio_driver.d" -MT"drivers/Src/stm32f446_gpio_driver.o" --specs=nano.specs -mfpu=fpv4-sp-d16 -mfloat-abi=hard -mthumb -o "drivers/Src/stm32f446_gpio_driver.o"
arm-none-eabi-gcc "../drivers/Src/stm32f446_i2c_driver.c" -mcpu=cortex-m4 -std=gnu11 -g3 -DDEBUG -DSTM32 -DSTM32F4 -DSTM32F446ZETx -c -I../Inc -I"/Users/sscl/Desktop/m11003419/自學/cortexm/stm32f4xx_drivers/drivers/Inc" -O0 -ffunction-sections -fdata-sections -Wall -fstack-usage -MMD -MP -MF"drivers/Src/stm32f446_i2c_driver.d" -MT"drivers/Src/stm32f446_i2c_driver.o" --specs=nano.specs -mfpu=fpv4-sp-d16 -mfloat-abi=hard -mthumb -o "drivers/Src/stm32f446_i2c_driver.o"
arm-none-eabi-gcc "../drivers/Src/stm32f446_spi_driver.c" -mcpu=cortex-m4 -std=gnu11 -g3 -DDEBUG -DSTM32 -DSTM32F4 -DSTM32F446ZETx -c -I../Inc -I"/Users/sscl/Desktop/m11003419/自學/cortexm/stm32f4xx_drivers/drivers/Inc" -O0 -ffunction-sections -fdata-sections -Wall -fstack-usage -MMD -MP -MF"drivers/Src/stm32f446_spi_driver.d" -MT"drivers/Src/stm32f446_spi_driver.o" --specs=nano.specs -mfpu=fpv4-sp-d16 -mfloat-abi=hard -mthumb -o "drivers/Src/stm32f446_spi_driver.o"
In file included from ../drivers/Src/stm32f446_spi_driver.c:2:
/Users/sscl/Desktop/m11003419/自學/cortexm/stm32f4xx_drivers/drivers/Inc/stm32f446.h:465:8: error: expected '=', ',', ';', 'asm' or '__attribute__' before 'position'
  465 |  * Bit position definitions USART_CR1
      |        ^~~~~~~~
In file included from /Users/sscl/Desktop/m11003419/自學/cortexm/stm32f4xx_drivers/drivers/Inc/stm32f446_i2c_driver.h:10,
                 from ../drivers/Src/stm32f446_i2c_driver.c:3:
/Users/sscl/Desktop/m11003419/自學/cortexm/stm32f4xx_drivers/drivers/Inc/stm32f446.h:465:8: error: expected '=', ',', ';', 'asm' or '__attribute__' before 'position'
  465 |  * Bit position definitions USART_CR1
      |        ^~~~~~~~
In file included from /Users/sscl/Desktop/m11003419/自學/cortexm/stm32f4xx_drivers/drivers/Inc/stm32f446_GPIO_driver.h:11,
                 from ../drivers/Src/stm32f446_gpio_driver.c:9:
/Users/sscl/Desktop/m11003419/自學/cortexm/stm32f4xx_drivers/drivers/Inc/stm32f446.h:465:8: error: expected '=', ',', ';', 'asm' or '__attribute__' before 'position'
  465 |  * Bit position definitions USART_CR1
      |        ^~~~~~~~
/Users/sscl/Desktop/m11003419/自學/cortexm/stm32f4xx_drivers/drivers/Inc/stm32f446.h:465:8: error: unknown type name 'position'
/Users/sscl/Desktop/m11003419/自學/cortexm/stm32f4xx_drivers/drivers/Inc/stm32f446.h:465:8: error: unknown type name 'position'
/Users/sscl/Desktop/m11003419/自學/cortexm/stm32f4xx_drivers/drivers/Inc/stm32f446.h:465:8: error: unknown type name 'position'
In file included from /Users/sscl/Desktop/m11003419/自學/cortexm/stm32f4xx_drivers/drivers/Inc/stm32f446.h:540,
                 from /Users/sscl/Desktop/m11003419/自學/cortexm/stm32f4xx_drivers/drivers/Inc/stm32f446_i2c_driver.h:10,
                 from ../drivers/Src/stm32f446_i2c_driver.c:3:
/Users/sscl/Desktop/m11003419/自學/cortexm/stm32f4xx_drivers/drivers/Inc/stm32f446_GPIO_driver.h:81:2: warning: data definition has no type or storage class
   81 | }GPIO_PinConfig_t;
      |  ^~~~~~~~~~~~~~~~
In file included from /Users/sscl/Desktop/m11003419/自學/cortexm/stm32f4xx_drivers/drivers/Inc/stm32f446.h:540,
                 from ../drivers/Src/stm32f446_spi_driver.c:2:
/Users/sscl/Desktop/m11003419/自學/cortexm/stm32f4xx_drivers/drivers/Inc/stm32f446_GPIO_driver.h:81:2: warning: data definition has no type or storage class
   81 | }GPIO_PinConfig_t;
      |  ^~~~~~~~~~~~~~~~
/Users/sscl/Desktop/m11003419/自學/cortexm/stm32f4xx_drivers/drivers/Inc/stm32f446_GPIO_driver.h:81:2: warning: type defaults to 'int' in declaration of 'GPIO_PinConfig_t' [-Wimplicit-int]
/Users/sscl/Desktop/m11003419/自學/cortexm/stm32f4xx_drivers/drivers/Inc/stm32f446_GPIO_driver.h:81:2: warning: type defaults to 'int' in declaration of 'GPIO_PinConfig_t' [-Wimplicit-int]
In file included from /Users/sscl/Desktop/m11003419/自學/cortexm/stm32f4xx_drivers/drivers/Inc/stm32f446.h:541,
                 from /Users/sscl/Desktop/m11003419/自學/cortexm/stm32f4xx_drivers/drivers/Inc/stm32f446_GPIO_driver.h:11,
                 from ../drivers/Src/stm32f446_gpio_driver.c:9:
/Users/sscl/Desktop/m11003419/自學/cortexm/stm32f4xx_drivers/drivers/Inc/stm32f446_SPI_driver.h:21:2: warning: data definition has no type or storage class
   21 | }SPI_Config_t;
      |  ^~~~~~~~~~~~
/Users/sscl/Desktop/m11003419/自學/cortexm/stm32f4xx_drivers/drivers/Inc/stm32f446_SPI_driver.h:21:2: warning: type defaults to 'int' in declaration of 'SPI_Config_t' [-Wimplicit-int]
/Users/sscl/Desktop/m11003419/自學/cortexm/stm32f4xx_drivers/drivers/Inc/stm32f446_SPI_driver.h:26:2: error: expected specifier-qualifier-list before 'SPI_Config_t'
   26 |  SPI_Config_t  SPIConfig;
      |  ^~~~~~~~~~~~
/Users/sscl/Desktop/m11003419/自學/cortexm/stm32f4xx_drivers/drivers/Inc/stm32f446_GPIO_driver.h:88:2: error: expected specifier-qualifier-list before 'GPIO_PinConfig_t'
   88 |  GPIO_PinConfig_t GPIO_PinConfig;
      |  ^~~~~~~~~~~~~~~~
/Users/sscl/Desktop/m11003419/自學/cortexm/stm32f4xx_drivers/drivers/Inc/stm32f446_GPIO_driver.h:88:2: error: expected specifier-qualifier-list before 'GPIO_PinConfig_t'
   88 |  GPIO_PinConfig_t GPIO_PinConfig;
      |  ^~~~~~~~~~~~~~~~
../drivers/Src/stm32f446_i2c_driver.c:380:1: error: unknown type name 'oid'; did you mean 'void'?
  380 | oid I2C_IRQInterruptConfig(uint8_t IRQNumber, uint8_t EnorDi)
      | ^~~
      | void
../drivers/Src/stm32f446_i2c_driver.c:380:5: error: conflicting types for 'I2C_IRQInterruptConfig'
  380 | oid I2C_IRQInterruptConfig(uint8_t IRQNumber, uint8_t EnorDi)
      |     ^~~~~~~~~~~~~~~~~~~~~~
In file included from ../drivers/Src/stm32f446_i2c_driver.c:3:
/Users/sscl/Desktop/m11003419/自學/cortexm/stm32f4xx_drivers/drivers/Inc/stm32f446_i2c_driver.h:128:6: note: previous declaration of 'I2C_IRQInterruptConfig' was here
  128 | void I2C_IRQInterruptConfig(uint8_t IRQNumber, uint8_t EnorDi);
      |      ^~~~~~~~~~~~~~~~~~~~~~
../drivers/Src/stm32f446_i2c_driver.c: In function 'I2C_IRQInterruptConfig':
../drivers/Src/stm32f446_i2c_driver.c:418:1: warning: control reaches end of non-void function [-Wreturn-type]
  418 | }
      | ^
make: *** [drivers/Src/subdir.mk:28: drivers/Src/stm32f446_i2c_driver.o] Error 1
make: *** Waiting for unfinished jobs....
make: *** [drivers/Src/subdir.mk:28: drivers/Src/stm32f446_gpio_driver.o] Error 1
make: *** [drivers/Src/subdir.mk:28: drivers/Src/stm32f446_spi_driver.o] Error 1
"make -j3 all" terminated with exit code 2. Build might be incomplete.
17:08:28 **** Incremental Build of configuration Debug for project stm32f4xx_drivers ****
make -j3 all 
arm-none-eabi-gcc "../drivers/Src/stm32f446_gpio_driver.c" -mcpu=cortex-m4 -std=gnu11 -g3 -DDEBUG -DSTM32 -DSTM32F4 -DSTM32F446ZETx -c -I../Inc -I"/Users/sscl/Desktop/m11003419/自學/cortexm/stm32f4xx_drivers/drivers/Inc" -O0 -ffunction-sections -fdata-sections -Wall -fstack-usage -MMD -MP -MF"drivers/Src/stm32f446_gpio_driver.d" -MT"drivers/Src/stm32f446_gpio_driver.o" --specs=nano.specs -mfpu=fpv4-sp-d16 -mfloat-abi=hard -mthumb -o "drivers/Src/stm32f446_gpio_driver.o"
arm-none-eabi-gcc "../drivers/Src/stm32f446_i2c_driver.c" -mcpu=cortex-m4 -std=gnu11 -g3 -DDEBUG -DSTM32 -DSTM32F4 -DSTM32F446ZETx -c -I../Inc -I"/Users/sscl/Desktop/m11003419/自學/cortexm/stm32f4xx_drivers/drivers/Inc" -O0 -ffunction-sections -fdata-sections -Wall -fstack-usage -MMD -MP -MF"drivers/Src/stm32f446_i2c_driver.d" -MT"drivers/Src/stm32f446_i2c_driver.o" --specs=nano.specs -mfpu=fpv4-sp-d16 -mfloat-abi=hard -mthumb -o "drivers/Src/stm32f446_i2c_driver.o"
arm-none-eabi-gcc "../drivers/Src/stm32f446_spi_driver.c" -mcpu=cortex-m4 -std=gnu11 -g3 -DDEBUG -DSTM32 -DSTM32F4 -DSTM32F446ZETx -c -I../Inc -I"/Users/sscl/Desktop/m11003419/自學/cortexm/stm32f4xx_drivers/drivers/Inc" -O0 -ffunction-sections -fdata-sections -Wall -fstack-usage -MMD -MP -MF"drivers/Src/stm32f446_spi_driver.d" -MT"drivers/Src/stm32f446_spi_driver.o" --specs=nano.specs -mfpu=fpv4-sp-d16 -mfloat-abi=hard -mthumb -o "drivers/Src/stm32f446_spi_driver.o"
In file included from /Users/sscl/Desktop/m11003419/自學/cortexm/stm32f4xx_drivers/drivers/Inc/stm32f446_i2c_driver.h:10,
                 from ../drivers/Src/stm32f446_i2c_driver.c:3:
/Users/sscl/Desktop/m11003419/自學/cortexm/stm32f4xx_drivers/drivers/Inc/stm32f446.h:465:8: error: expected '=', ',', ';', 'asm' or '__attribute__' before 'position'
  465 |  * Bit position definitions USART_CR1
      |        ^~~~~~~~
In file included from ../drivers/Src/stm32f446_spi_driver.c:2:
/Users/sscl/Desktop/m11003419/自學/cortexm/stm32f4xx_drivers/drivers/Inc/stm32f446.h:465:8: error: expected '=', ',', ';', 'asm' or '__attribute__' before 'position'
  465 |  * Bit position definitions USART_CR1
      |        ^~~~~~~~
In file included from /Users/sscl/Desktop/m11003419/自學/cortexm/stm32f4xx_drivers/drivers/Inc/stm32f446_GPIO_driver.h:11,
                 from ../drivers/Src/stm32f446_gpio_driver.c:9:
/Users/sscl/Desktop/m11003419/自學/cortexm/stm32f4xx_drivers/drivers/Inc/stm32f446.h:465:8: error: expected '=', ',', ';', 'asm' or '__attribute__' before 'position'
  465 |  * Bit position definitions USART_CR1
      |        ^~~~~~~~
/Users/sscl/Desktop/m11003419/自學/cortexm/stm32f4xx_drivers/drivers/Inc/stm32f446.h:465:8: error: unknown type name 'position'
/Users/sscl/Desktop/m11003419/自學/cortexm/stm32f4xx_drivers/drivers/Inc/stm32f446.h:465:8: error: unknown type name 'position'
In file included from /Users/sscl/Desktop/m11003419/自學/cortexm/stm32f4xx_drivers/drivers/Inc/stm32f446.h:540,
                 from ../drivers/Src/stm32f446_spi_driver.c:2:
/Users/sscl/Desktop/m11003419/自學/cortexm/stm32f4xx_drivers/drivers/Inc/stm32f446_GPIO_driver.h:81:2: warning: data definition has no type or storage class
   81 | }GPIO_PinConfig_t;
      |  ^~~~~~~~~~~~~~~~
/Users/sscl/Desktop/m11003419/自學/cortexm/stm32f4xx_drivers/drivers/Inc/stm32f446_GPIO_driver.h:81:2: warning: type defaults to 'int' in declaration of 'GPIO_PinConfig_t' [-Wimplicit-int]
/Users/sscl/Desktop/m11003419/自學/cortexm/stm32f4xx_drivers/drivers/Inc/stm32f446.h:465:8: error: unknown type name 'position'
In file included from /Users/sscl/Desktop/m11003419/自學/cortexm/stm32f4xx_drivers/drivers/Inc/stm32f446.h:541,
                 from /Users/sscl/Desktop/m11003419/自學/cortexm/stm32f4xx_drivers/drivers/Inc/stm32f446_GPIO_driver.h:11,
                 from ../drivers/Src/stm32f446_gpio_driver.c:9:
/Users/sscl/Desktop/m11003419/自學/cortexm/stm32f4xx_drivers/drivers/Inc/stm32f446_SPI_driver.h:21:2: warning: data definition has no type or storage class
   21 | }SPI_Config_t;
      |  ^~~~~~~~~~~~
/Users/sscl/Desktop/m11003419/自學/cortexm/stm32f4xx_drivers/drivers/Inc/stm32f446_SPI_driver.h:21:2: warning: type defaults to 'int' in declaration of 'SPI_Config_t' [-Wimplicit-int]
/Users/sscl/Desktop/m11003419/自學/cortexm/stm32f4xx_drivers/drivers/Inc/stm32f446_SPI_driver.h:26:2: error: expected specifier-qualifier-list before 'SPI_Config_t'
   26 |  SPI_Config_t  SPIConfig;
      |  ^~~~~~~~~~~~
In file included from /Users/sscl/Desktop/m11003419/自學/cortexm/stm32f4xx_drivers/drivers/Inc/stm32f446.h:540,
                 from /Users/sscl/Desktop/m11003419/自學/cortexm/stm32f4xx_drivers/drivers/Inc/stm32f446_i2c_driver.h:10,
                 from ../drivers/Src/stm32f446_i2c_driver.c:3:
/Users/sscl/Desktop/m11003419/自學/cortexm/stm32f4xx_drivers/drivers/Inc/stm32f446_GPIO_driver.h:81:2: warning: data definition has no type or storage class
   81 | }GPIO_PinConfig_t;
      |  ^~~~~~~~~~~~~~~~
/Users/sscl/Desktop/m11003419/自學/cortexm/stm32f4xx_drivers/drivers/Inc/stm32f446_GPIO_driver.h:81:2: warning: type defaults to 'int' in declaration of 'GPIO_PinConfig_t' [-Wimplicit-int]
/Users/sscl/Desktop/m11003419/自學/cortexm/stm32f4xx_drivers/drivers/Inc/stm32f446_GPIO_driver.h:88:2: error: expected specifier-qualifier-list before 'GPIO_PinConfig_t'
   88 |  GPIO_PinConfig_t GPIO_PinConfig;
      |  ^~~~~~~~~~~~~~~~
/Users/sscl/Desktop/m11003419/自學/cortexm/stm32f4xx_drivers/drivers/Inc/stm32f446_GPIO_driver.h:88:2: error: expected specifier-qualifier-list before 'GPIO_PinConfig_t'
   88 |  GPIO_PinConfig_t GPIO_PinConfig;
      |  ^~~~~~~~~~~~~~~~
make: *** [drivers/Src/subdir.mk:28: drivers/Src/stm32f446_i2c_driver.o] Error 1
make: *** Waiting for unfinished jobs....
make: *** [drivers/Src/subdir.mk:28: drivers/Src/stm32f446_gpio_driver.o] Error 1
make: *** [drivers/Src/subdir.mk:28: drivers/Src/stm32f446_spi_driver.o] Error 1
"make -j3 all" terminated with exit code 2. Build might be incomplete.
17:09:23 **** Incremental Build of configuration Debug for project stm32f4xx_drivers ****
make -j3 all 
arm-none-eabi-gcc "../drivers/Src/stm32f446_gpio_driver.c" -mcpu=cortex-m4 -std=gnu11 -g3 -DDEBUG -DSTM32 -DSTM32F4 -DSTM32F446ZETx -c -I../Inc -I"/Users/sscl/Desktop/m11003419/自學/cortexm/stm32f4xx_drivers/drivers/Inc" -O0 -ffunction-sections -fdata-sections -Wall -fstack-usage -MMD -MP -MF"drivers/Src/stm32f446_gpio_driver.d" -MT"drivers/Src/stm32f446_gpio_driver.o" --specs=nano.specs -mfpu=fpv4-sp-d16 -mfloat-abi=hard -mthumb -o "drivers/Src/stm32f446_gpio_driver.o"
arm-none-eabi-gcc "../drivers/Src/stm32f446_i2c_driver.c" -mcpu=cortex-m4 -std=gnu11 -g3 -DDEBUG -DSTM32 -DSTM32F4 -DSTM32F446ZETx -c -I../Inc -I"/Users/sscl/Desktop/m11003419/自學/cortexm/stm32f4xx_drivers/drivers/Inc" -O0 -ffunction-sections -fdata-sections -Wall -fstack-usage -MMD -MP -MF"drivers/Src/stm32f446_i2c_driver.d" -MT"drivers/Src/stm32f446_i2c_driver.o" --specs=nano.specs -mfpu=fpv4-sp-d16 -mfloat-abi=hard -mthumb -o "drivers/Src/stm32f446_i2c_driver.o"
arm-none-eabi-gcc "../drivers/Src/stm32f446_spi_driver.c" -mcpu=cortex-m4 -std=gnu11 -g3 -DDEBUG -DSTM32 -DSTM32F4 -DSTM32F446ZETx -c -I../Inc -I"/Users/sscl/Desktop/m11003419/自學/cortexm/stm32f4xx_drivers/drivers/Inc" -O0 -ffunction-sections -fdata-sections -Wall -fstack-usage -MMD -MP -MF"drivers/Src/stm32f446_spi_driver.d" -MT"drivers/Src/stm32f446_spi_driver.o" --specs=nano.specs -mfpu=fpv4-sp-d16 -mfloat-abi=hard -mthumb -o "drivers/Src/stm32f446_spi_driver.o"
arm-none-eabi-gcc "../drivers/Src/stm32f446_usart_driver.c" -mcpu=cortex-m4 -std=gnu11 -g3 -DDEBUG -DSTM32 -DSTM32F4 -DSTM32F446ZETx -c -I../Inc -I"/Users/sscl/Desktop/m11003419/自學/cortexm/stm32f4xx_drivers/drivers/Inc" -O0 -ffunction-sections -fdata-sections -Wall -fstack-usage -MMD -MP -MF"drivers/Src/stm32f446_usart_driver.d" -MT"drivers/Src/stm32f446_usart_driver.o" --specs=nano.specs -mfpu=fpv4-sp-d16 -mfloat-abi=hard -mthumb -o "drivers/Src/stm32f446_usart_driver.o"
arm-none-eabi-gcc -mcpu=cortex-m4 -g3 -DDEBUG -c -x assembler-with-cpp -MMD -MP -MF"Startup/startup_stm32f446zetx.d" -MT"Startup/startup_stm32f446zetx.o" --specs=nano.specs -mfpu=fpv4-sp-d16 -mfloat-abi=hard -mthumb -o "Startup/startup_stm32f446zetx.o" "../Startup/startup_stm32f446zetx.s"
../drivers/Src/stm32f446_usart_driver.c: In function 'USART_SetBaudRate':
../drivers/Src/stm32f446_usart_driver.c:23:19: error: 'USART1' undeclared (first use in this function); did you mean 'pUSARTx'?
   23 |     if(pUSARTx == USART1 || pUSARTx == USART6)
      |                   ^~~~~~
      |                   pUSARTx
../drivers/Src/stm32f446_usart_driver.c:23:19: note: each undeclared identifier is reported only once for each function it appears in
../drivers/Src/stm32f446_usart_driver.c:23:40: error: 'USART6' undeclared (first use in this function); did you mean 'pUSARTx'?
   23 |     if(pUSARTx == USART1 || pUSARTx == USART6)
      |                                        ^~~~~~
      |                                        pUSARTx
../drivers/Src/stm32f446_usart_driver.c:26:15: warning: implicit declaration of function 'RCC_GetPCLK2Value' [-Wimplicit-function-declaration]
   26 |       PCLKx = RCC_GetPCLK2Value();
      |               ^~~~~~~~~~~~~~~~~
../drivers/Src/stm32f446_usart_driver.c:29:15: warning: implicit declaration of function 'RCC_GetPCLK1Value' [-Wimplicit-function-declaration]
   29 |       PCLKx = RCC_GetPCLK1Value();
      |               ^~~~~~~~~~~~~~~~~
make: *** [drivers/Src/subdir.mk:28: drivers/Src/stm32f446_usart_driver.o] Error 1
"make -j3 all" terminated with exit code 2. Build might be incomplete.
17:10:55 **** Incremental Build of configuration Debug for project stm32f4xx_drivers ****
make -j3 all 
arm-none-eabi-gcc "../drivers/Src/stm32f446_gpio_driver.c" -mcpu=cortex-m4 -std=gnu11 -g3 -DDEBUG -DSTM32 -DSTM32F4 -DSTM32F446ZETx -c -I../Inc -I"/Users/sscl/Desktop/m11003419/自學/cortexm/stm32f4xx_drivers/drivers/Inc" -O0 -ffunction-sections -fdata-sections -Wall -fstack-usage -MMD -MP -MF"drivers/Src/stm32f446_gpio_driver.d" -MT"drivers/Src/stm32f446_gpio_driver.o" --specs=nano.specs -mfpu=fpv4-sp-d16 -mfloat-abi=hard -mthumb -o "drivers/Src/stm32f446_gpio_driver.o"
arm-none-eabi-gcc "../drivers/Src/stm32f446_i2c_driver.c" -mcpu=cortex-m4 -std=gnu11 -g3 -DDEBUG -DSTM32 -DSTM32F4 -DSTM32F446ZETx -c -I../Inc -I"/Users/sscl/Desktop/m11003419/自學/cortexm/stm32f4xx_drivers/drivers/Inc" -O0 -ffunction-sections -fdata-sections -Wall -fstack-usage -MMD -MP -MF"drivers/Src/stm32f446_i2c_driver.d" -MT"drivers/Src/stm32f446_i2c_driver.o" --specs=nano.specs -mfpu=fpv4-sp-d16 -mfloat-abi=hard -mthumb -o "drivers/Src/stm32f446_i2c_driver.o"
arm-none-eabi-gcc "../drivers/Src/stm32f446_spi_driver.c" -mcpu=cortex-m4 -std=gnu11 -g3 -DDEBUG -DSTM32 -DSTM32F4 -DSTM32F446ZETx -c -I../Inc -I"/Users/sscl/Desktop/m11003419/自學/cortexm/stm32f4xx_drivers/drivers/Inc" -O0 -ffunction-sections -fdata-sections -Wall -fstack-usage -MMD -MP -MF"drivers/Src/stm32f446_spi_driver.d" -MT"drivers/Src/stm32f446_spi_driver.o" --specs=nano.specs -mfpu=fpv4-sp-d16 -mfloat-abi=hard -mthumb -o "drivers/Src/stm32f446_spi_driver.o"
arm-none-eabi-gcc "../drivers/Src/stm32f446_usart_driver.c" -mcpu=cortex-m4 -std=gnu11 -g3 -DDEBUG -DSTM32 -DSTM32F4 -DSTM32F446ZETx -c -I../Inc -I"/Users/sscl/Desktop/m11003419/自學/cortexm/stm32f4xx_drivers/drivers/Inc" -O0 -ffunction-sections -fdata-sections -Wall -fstack-usage -MMD -MP -MF"drivers/Src/stm32f446_usart_driver.d" -MT"drivers/Src/stm32f446_usart_driver.o" --specs=nano.specs -mfpu=fpv4-sp-d16 -mfloat-abi=hard -mthumb -o "drivers/Src/stm32f446_usart_driver.o"
../drivers/Src/stm32f446_usart_driver.c: In function 'USART_SetBaudRate':
../drivers/Src/stm32f446_usart_driver.c:26:15: warning: implicit declaration of function 'RCC_GetPCLK2Value' [-Wimplicit-function-declaration]
   26 |       PCLKx = RCC_GetPCLK2Value();
      |               ^~~~~~~~~~~~~~~~~
../drivers/Src/stm32f446_usart_driver.c:29:15: warning: implicit declaration of function 'RCC_GetPCLK1Value' [-Wimplicit-function-declaration]
   29 |       PCLKx = RCC_GetPCLK1Value();
      |               ^~~~~~~~~~~~~~~~~
arm-none-eabi-gcc -o "stm32f4xx_drivers.elf" @"objects.list"   -mcpu=cortex-m4 -T"/Users/sscl/Desktop/m11003419/自學/cortexm/stm32f4xx_drivers/STM32F446ZETX_FLASH.ld" --specs=nosys.specs -Wl,-Map="stm32f4xx_drivers.map" -Wl,--gc-sections -static -specs=rdimon.specs -lc -lrdimon --specs=nano.specs -mfpu=fpv4-sp-d16 -mfloat-abi=hard -mthumb -Wl,--start-group -lc -lm -Wl,--end-group
/Applications/STM32CubeIDE.app/Contents/Eclipse/plugins/com.st.stm32cube.ide.mcu.externaltools.gnu-tools-for-stm32.10.3-2021.10.macos64_1.0.100.202210260954/tools/bin/../lib/gcc/arm-none-eabi/10.3.1/../../../../arm-none-eabi/bin/ld: ./Startup/startup_stm32f446zetx.o: in function `LoopFillZerobss':
/Users/sscl/Desktop/m11003419/自學/cortexm/stm32f4xx_drivers/Debug/../Startup/startup_stm32f446zetx.s:97: undefined reference to `main'
collect2: error: ld returned 1 exit status
make: *** [makefile:63: stm32f4xx_drivers.elf] Error 1
"make -j3 all" terminated with exit code 2. Build might be incomplete.
17:14:43 **** Incremental Build of configuration Debug for project stm32f4xx_drivers ****
make -j3 all 
arm-none-eabi-gcc "../drivers/Src/stm32f446_gpio_driver.c" -mcpu=cortex-m4 -std=gnu11 -g3 -DDEBUG -DSTM32 -DSTM32F4 -DSTM32F446ZETx -c -I../Inc -I"/Users/sscl/Desktop/m11003419/自學/cortexm/stm32f4xx_drivers/drivers/Inc" -O0 -ffunction-sections -fdata-sections -Wall -fstack-usage -MMD -MP -MF"drivers/Src/stm32f446_gpio_driver.d" -MT"drivers/Src/stm32f446_gpio_driver.o" --specs=nano.specs -mfpu=fpv4-sp-d16 -mfloat-abi=hard -mthumb -o "drivers/Src/stm32f446_gpio_driver.o"
arm-none-eabi-gcc "../drivers/Src/stm32f446_i2c_driver.c" -mcpu=cortex-m4 -std=gnu11 -g3 -DDEBUG -DSTM32 -DSTM32F4 -DSTM32F446ZETx -c -I../Inc -I"/Users/sscl/Desktop/m11003419/自學/cortexm/stm32f4xx_drivers/drivers/Inc" -O0 -ffunction-sections -fdata-sections -Wall -fstack-usage -MMD -MP -MF"drivers/Src/stm32f446_i2c_driver.d" -MT"drivers/Src/stm32f446_i2c_driver.o" --specs=nano.specs -mfpu=fpv4-sp-d16 -mfloat-abi=hard -mthumb -o "drivers/Src/stm32f446_i2c_driver.o"
arm-none-eabi-gcc "../drivers/Src/stm32f446_rcc_driver.c" -mcpu=cortex-m4 -std=gnu11 -g3 -DDEBUG -DSTM32 -DSTM32F4 -DSTM32F446ZETx -c -I../Inc -I"/Users/sscl/Desktop/m11003419/自學/cortexm/stm32f4xx_drivers/drivers/Inc" -O0 -ffunction-sections -fdata-sections -Wall -fstack-usage -MMD -MP -MF"drivers/Src/stm32f446_rcc_driver.d" -MT"drivers/Src/stm32f446_rcc_driver.o" --specs=nano.specs -mfpu=fpv4-sp-d16 -mfloat-abi=hard -mthumb -o "drivers/Src/stm32f446_rcc_driver.o"
arm-none-eabi-gcc "../drivers/Src/stm32f446_spi_driver.c" -mcpu=cortex-m4 -std=gnu11 -g3 -DDEBUG -DSTM32 -DSTM32F4 -DSTM32F446ZETx -c -I../Inc -I"/Users/sscl/Desktop/m11003419/自學/cortexm/stm32f4xx_drivers/drivers/Inc" -O0 -ffunction-sections -fdata-sections -Wall -fstack-usage -MMD -MP -MF"drivers/Src/stm32f446_spi_driver.d" -MT"drivers/Src/stm32f446_spi_driver.o" --specs=nano.specs -mfpu=fpv4-sp-d16 -mfloat-abi=hard -mthumb -o "drivers/Src/stm32f446_spi_driver.o"
arm-none-eabi-gcc "../drivers/Src/stm32f446_usart_driver.c" -mcpu=cortex-m4 -std=gnu11 -g3 -DDEBUG -DSTM32 -DSTM32F4 -DSTM32F446ZETx -c -I../Inc -I"/Users/sscl/Desktop/m11003419/自學/cortexm/stm32f4xx_drivers/drivers/Inc" -O0 -ffunction-sections -fdata-sections -Wall -fstack-usage -MMD -MP -MF"drivers/Src/stm32f446_usart_driver.d" -MT"drivers/Src/stm32f446_usart_driver.o" --specs=nano.specs -mfpu=fpv4-sp-d16 -mfloat-abi=hard -mthumb -o "drivers/Src/stm32f446_usart_driver.o"
arm-none-eabi-gcc -o "stm32f4xx_drivers.elf" @"objects.list"   -mcpu=cortex-m4 -T"/Users/sscl/Desktop/m11003419/自學/cortexm/stm32f4xx_drivers/STM32F446ZETX_FLASH.ld" --specs=nosys.specs -Wl,-Map="stm32f4xx_drivers.map" -Wl,--gc-sections -static -specs=rdimon.specs -lc -lrdimon --specs=nano.specs -mfpu=fpv4-sp-d16 -mfloat-abi=hard -mthumb -Wl,--start-group -lc -lm -Wl,--end-group
/Applications/STM32CubeIDE.app/Contents/Eclipse/plugins/com.st.stm32cube.ide.mcu.externaltools.gnu-tools-for-stm32.10.3-2021.10.macos64_1.0.100.202210260954/tools/bin/../lib/gcc/arm-none-eabi/10.3.1/../../../../arm-none-eabi/bin/ld: ./drivers/Src/stm32f446_rcc_driver.o:/Users/sscl/Desktop/m11003419/自學/cortexm/stm32f4xx_drivers/Debug/../drivers/Src/stm32f446_rcc_driver.c:5: multiple definition of `AHB_PreScaler'; ./drivers/Src/stm32f446_i2c_driver.o:/Users/sscl/Desktop/m11003419/自學/cortexm/stm32f4xx_drivers/Debug/../drivers/Src/stm32f446_i2c_driver.c:144: first defined here
/Applications/STM32CubeIDE.app/Contents/Eclipse/plugins/com.st.stm32cube.ide.mcu.externaltools.gnu-tools-for-stm32.10.3-2021.10.macos64_1.0.100.202210260954/tools/bin/../lib/gcc/arm-none-eabi/10.3.1/../../../../arm-none-eabi/bin/ld: ./drivers/Src/stm32f446_rcc_driver.o:/Users/sscl/Desktop/m11003419/自學/cortexm/stm32f4xx_drivers/Debug/../drivers/Src/stm32f446_rcc_driver.c:6: multiple definition of `APB1_PreScaler'; ./drivers/Src/stm32f446_i2c_driver.o:/Users/sscl/Desktop/m11003419/自學/cortexm/stm32f4xx_drivers/Debug/../drivers/Src/stm32f446_i2c_driver.c:145: first defined here
/Applications/STM32CubeIDE.app/Contents/Eclipse/plugins/com.st.stm32cube.ide.mcu.externaltools.gnu-tools-for-stm32.10.3-2021.10.macos64_1.0.100.202210260954/tools/bin/../lib/gcc/arm-none-eabi/10.3.1/../../../../arm-none-eabi/bin/ld: ./drivers/Src/stm32f446_rcc_driver.o: in function `RCC_GetPCLK1Value':
/Users/sscl/Desktop/m11003419/自學/cortexm/stm32f4xx_drivers/Debug/../drivers/Src/stm32f446_rcc_driver.c:11: multiple definition of `RCC_GetPCLK1Value'; ./drivers/Src/stm32f446_i2c_driver.o:/Users/sscl/Desktop/m11003419/自學/cortexm/stm32f4xx_drivers/Debug/../drivers/Src/stm32f446_i2c_driver.c:148: first defined here
/Applications/STM32CubeIDE.app/Contents/Eclipse/plugins/com.st.stm32cube.ide.mcu.externaltools.gnu-tools-for-stm32.10.3-2021.10.macos64_1.0.100.202210260954/tools/bin/../lib/gcc/arm-none-eabi/10.3.1/../../../../arm-none-eabi/bin/ld: ./Startup/startup_stm32f446zetx.o: in function `LoopFillZerobss':
/Users/sscl/Desktop/m11003419/自學/cortexm/stm32f4xx_drivers/Debug/../Startup/startup_stm32f446zetx.s:97: undefined reference to `main'
collect2: error: ld returned 1 exit status
make: *** [makefile:63: stm32f4xx_drivers.elf] Error 1
"make -j3 all" terminated with exit code 2. Build might be incomplete.
17:15:34 **** Incremental Build of configuration Debug for project stm32f4xx_drivers ****
make -j3 all 
arm-none-eabi-gcc "../drivers/Src/stm32f446_i2c_driver.c" -mcpu=cortex-m4 -std=gnu11 -g3 -DDEBUG -DSTM32 -DSTM32F4 -DSTM32F446ZETx -c -I../Inc -I"/Users/sscl/Desktop/m11003419/自學/cortexm/stm32f4xx_drivers/drivers/Inc" -O0 -ffunction-sections -fdata-sections -Wall -fstack-usage -MMD -MP -MF"drivers/Src/stm32f446_i2c_driver.d" -MT"drivers/Src/stm32f446_i2c_driver.o" --specs=nano.specs -mfpu=fpv4-sp-d16 -mfloat-abi=hard -mthumb -o "drivers/Src/stm32f446_i2c_driver.o"
arm-none-eabi-gcc -o "stm32f4xx_drivers.elf" @"objects.list"   -mcpu=cortex-m4 -T"/Users/sscl/Desktop/m11003419/自學/cortexm/stm32f4xx_drivers/STM32F446ZETX_FLASH.ld" --specs=nosys.specs -Wl,-Map="stm32f4xx_drivers.map" -Wl,--gc-sections -static -specs=rdimon.specs -lc -lrdimon --specs=nano.specs -mfpu=fpv4-sp-d16 -mfloat-abi=hard -mthumb -Wl,--start-group -lc -lm -Wl,--end-group
/Applications/STM32CubeIDE.app/Contents/Eclipse/plugins/com.st.stm32cube.ide.mcu.externaltools.gnu-tools-for-stm32.10.3-2021.10.macos64_1.0.100.202210260954/tools/bin/../lib/gcc/arm-none-eabi/10.3.1/../../../../arm-none-eabi/bin/ld: ./Startup/startup_stm32f446zetx.o: in function `LoopFillZerobss':
/Users/sscl/Desktop/m11003419/自學/cortexm/stm32f4xx_drivers/Debug/../Startup/startup_stm32f446zetx.s:97: undefined reference to `main'
collect2: error: ld returned 1 exit status
make: *** [makefile:63: stm32f4xx_drivers.elf] Error 1
"make -j3 all" terminated with exit code 2. Build might be incomplete.
17:18:46 **** Incremental Build of configuration Debug for project stm32f4xx_drivers ****
make -j3 all 
arm-none-eabi-gcc "../drivers/Src/stm32f446_i2c_driver.c" -mcpu=cortex-m4 -std=gnu11 -g3 -DDEBUG -DSTM32 -DSTM32F4 -DSTM32F446ZETx -c -I../Inc -I"/Users/sscl/Desktop/m11003419/自學/cortexm/stm32f4xx_drivers/drivers/Inc" -O0 -ffunction-sections -fdata-sections -Wall -fstack-usage -MMD -MP -MF"drivers/Src/stm32f446_i2c_driver.d" -MT"drivers/Src/stm32f446_i2c_driver.o" --specs=nano.specs -mfpu=fpv4-sp-d16 -mfloat-abi=hard -mthumb -o "drivers/Src/stm32f446_i2c_driver.o"
arm-none-eabi-gcc -o "stm32f4xx_drivers.elf" @"objects.list"   -mcpu=cortex-m4 -T"/Users/sscl/Desktop/m11003419/自學/cortexm/stm32f4xx_drivers/STM32F446ZETX_FLASH.ld" --specs=nosys.specs -Wl,-Map="stm32f4xx_drivers.map" -Wl,--gc-sections -static -specs=rdimon.specs -lc -lrdimon --specs=nano.specs -mfpu=fpv4-sp-d16 -mfloat-abi=hard -mthumb -Wl,--start-group -lc -lm -Wl,--end-group
/Applications/STM32CubeIDE.app/Contents/Eclipse/plugins/com.st.stm32cube.ide.mcu.externaltools.gnu-tools-for-stm32.10.3-2021.10.macos64_1.0.100.202210260954/tools/bin/../lib/gcc/arm-none-eabi/10.3.1/../../../../arm-none-eabi/bin/ld: ./Startup/startup_stm32f446zetx.o: in function `LoopFillZerobss':
/Users/sscl/Desktop/m11003419/自學/cortexm/stm32f4xx_drivers/Debug/../Startup/startup_stm32f446zetx.s:97: undefined reference to `main'
collect2: error: ld returned 1 exit status
make: *** [makefile:63: stm32f4xx_drivers.elf] Error 1
"make -j3 all" terminated with exit code 2. Build might be incomplete.
17:25:45 **** Incremental Build of configuration Debug for project stm32f4xx_drivers ****
make -j3 all 
arm-none-eabi-gcc "../Src/009USART_send_test.c" -mcpu=cortex-m4 -std=gnu11 -g3 -DDEBUG -DSTM32 -DSTM32F4 -DSTM32F446ZETx -c -I../Inc -I"/Users/sscl/Desktop/m11003419/自學/cortexm/stm32f4xx_drivers/drivers/Inc" -O0 -ffunction-sections -fdata-sections -Wall -fstack-usage -MMD -MP -MF"Src/009USART_send_test.d" -MT"Src/009USART_send_test.o" --specs=nano.specs -mfpu=fpv4-sp-d16 -mfloat-abi=hard -mthumb -o "Src/009USART_send_test.o"
arm-none-eabi-gcc -o "stm32f4xx_drivers.elf" @"objects.list"   -mcpu=cortex-m4 -T"/Users/sscl/Desktop/m11003419/自學/cortexm/stm32f4xx_drivers/STM32F446ZETX_FLASH.ld" --specs=nosys.specs -Wl,-Map="stm32f4xx_drivers.map" -Wl,--gc-sections -static -specs=rdimon.specs -lc -lrdimon --specs=nano.specs -mfpu=fpv4-sp-d16 -mfloat-abi=hard -mthumb -Wl,--start-group -lc -lm -Wl,--end-group
Finished building target: stm32f4xx_drivers.elf
 
arm-none-eabi-size   stm32f4xx_drivers.elf 
arm-none-eabi-objdump -h -S  stm32f4xx_drivers.elf  > "stm32f4xx_drivers.list"
   text	   data	    bss	    dec	    hex	filename
    712	      8	   1568	   2288	    8f0	stm32f4xx_drivers.elf
Finished building: default.size.stdout
 
Finished building: stm32f4xx_drivers.list
 
18:39:08 **** Incremental Build of configuration Debug for project stm32f4xx_drivers ****
make -j3 all 
arm-none-eabi-gcc "../drivers/Src/stm32f446_rcc_driver.c" -mcpu=cortex-m4 -std=gnu11 -g3 -DDEBUG -DSTM32 -DSTM32F4 -DSTM32F446ZETx -c -I../Inc -I"/Users/sscl/Desktop/m11003419/自學/cortexm/stm32f4xx_drivers/drivers/Inc" -O0 -ffunction-sections -fdata-sections -Wall -fstack-usage -MMD -MP -MF"drivers/Src/stm32f446_rcc_driver.d" -MT"drivers/Src/stm32f446_rcc_driver.o" --specs=nano.specs -mfpu=fpv4-sp-d16 -mfloat-abi=hard -mthumb -o "drivers/Src/stm32f446_rcc_driver.o"
arm-none-eabi-gcc "../drivers/Src/stm32f446_usart_driver.c" -mcpu=cortex-m4 -std=gnu11 -g3 -DDEBUG -DSTM32 -DSTM32F4 -DSTM32F446ZETx -c -I../Inc -I"/Users/sscl/Desktop/m11003419/自學/cortexm/stm32f4xx_drivers/drivers/Inc" -O0 -ffunction-sections -fdata-sections -Wall -fstack-usage -MMD -MP -MF"drivers/Src/stm32f446_usart_driver.d" -MT"drivers/Src/stm32f446_usart_driver.o" --specs=nano.specs -mfpu=fpv4-sp-d16 -mfloat-abi=hard -mthumb -o "drivers/Src/stm32f446_usart_driver.o"
arm-none-eabi-gcc -o "stm32f4xx_drivers.elf" @"objects.list"   -mcpu=cortex-m4 -T"/Users/sscl/Desktop/m11003419/自學/cortexm/stm32f4xx_drivers/STM32F446ZETX_FLASH.ld" --specs=nosys.specs -Wl,-Map="stm32f4xx_drivers.map" -Wl,--gc-sections -static -specs=rdimon.specs -lc -lrdimon --specs=nano.specs -mfpu=fpv4-sp-d16 -mfloat-abi=hard -mthumb -Wl,--start-group -lc -lm -Wl,--end-group
Finished building target: stm32f4xx_drivers.elf
 
arm-none-eabi-size   stm32f4xx_drivers.elf 
arm-none-eabi-objdump -h -S  stm32f4xx_drivers.elf  > "stm32f4xx_drivers.list"
   text	   data	    bss	    dec	    hex	filename
    712	      8	   1568	   2288	    8f0	stm32f4xx_drivers.elf
Finished building: default.size.stdout
 
Finished building: stm32f4xx_drivers.list
 
18:43:05 **** Incremental Build of configuration Debug for project stm32f4xx_drivers ****
make -j3 all 
arm-none-eabi-gcc "../Src/009USART_send_test.c" -mcpu=cortex-m4 -std=gnu11 -g3 -DDEBUG -DSTM32 -DSTM32F4 -DSTM32F446ZETx -c -I../Inc -I"/Users/sscl/Desktop/m11003419/自學/cortexm/stm32f4xx_drivers/drivers/Inc" -O0 -ffunction-sections -fdata-sections -Wall -fstack-usage -MMD -MP -MF"Src/009USART_send_test.d" -MT"Src/009USART_send_test.o" --specs=nano.specs -mfpu=fpv4-sp-d16 -mfloat-abi=hard -mthumb -o "Src/009USART_send_test.o"
arm-none-eabi-gcc -o "stm32f4xx_drivers.elf" @"objects.list"   -mcpu=cortex-m4 -T"/Users/sscl/Desktop/m11003419/自學/cortexm/stm32f4xx_drivers/STM32F446ZETX_FLASH.ld" --specs=nosys.specs -Wl,-Map="stm32f4xx_drivers.map" -Wl,--gc-sections -static -specs=rdimon.specs -lc -lrdimon --specs=nano.specs -mfpu=fpv4-sp-d16 -mfloat-abi=hard -mthumb -Wl,--start-group -lc -lm -Wl,--end-group
/Applications/STM32CubeIDE.app/Contents/Eclipse/plugins/com.st.stm32cube.ide.mcu.externaltools.gnu-tools-for-stm32.10.3-2021.10.macos64_1.0.100.202210260954/tools/bin/../lib/gcc/arm-none-eabi/10.3.1/../../../../arm-none-eabi/bin/ld: ./drivers/Src/stm32f446_usart_driver.o: in function `USART_Init':
/Users/sscl/Desktop/m11003419/自學/cortexm/stm32f4xx_drivers/Debug/../drivers/Src/stm32f446_usart_driver.c:80: undefined reference to `USART_PeriClockControl'
collect2: error: ld returned 1 exit status
make: *** [makefile:64: stm32f4xx_drivers.elf] Error 1
"make -j3 all" terminated with exit code 2. Build might be incomplete.
18:44:55 **** Incremental Build of configuration Debug for project stm32f4xx_drivers ****
make -j3 all 
arm-none-eabi-gcc "../Src/009USART_send_test.c" -mcpu=cortex-m4 -std=gnu11 -g3 -DDEBUG -DSTM32 -DSTM32F4 -DSTM32F446ZETx -c -I../Inc -I"/Users/sscl/Desktop/m11003419/自學/cortexm/stm32f4xx_drivers/drivers/Inc" -O0 -ffunction-sections -fdata-sections -Wall -fstack-usage -MMD -MP -MF"Src/009USART_send_test.d" -MT"Src/009USART_send_test.o" --specs=nano.specs -mfpu=fpv4-sp-d16 -mfloat-abi=hard -mthumb -o "Src/009USART_send_test.o"
../Src/009USART_send_test.c: In function 'GPIO_ButtonInit':
../Src/009USART_send_test.c:52:42: error: 'GPIO_PIN_NO_013' undeclared (first use in this function); did you mean 'GPIO_PIN_NO_13'?
   52 |  GPIOBtn.GPIO_PinConfig.GPIO_PinNumber = GPIO_PIN_NO_013
      |                                          ^~~~~~~~~~~~~~~
      |                                          GPIO_PIN_NO_13
../Src/009USART_send_test.c:52:42: note: each undeclared identifier is reported only once for each function it appears in
../Src/009USART_send_test.c:52:57: error: expected ';' before 'GPIOBtn'
   52 |  GPIOBtn.GPIO_PinConfig.GPIO_PinNumber = GPIO_PIN_NO_013
      |                                                         ^
      |                                                         ;
   53 |  GPIOBtn.GPIO_PinConfig.GPIO_PinMode = GPIO_MODE_IN;
      |  ~~~~~~~                                                 
make: *** [Src/subdir.mk:19: Src/009USART_send_test.o] Error 1
"make -j3 all" terminated with exit code 2. Build might be incomplete.
18:45:03 **** Incremental Build of configuration Debug for project stm32f4xx_drivers ****
make -j3 all 
arm-none-eabi-gcc "../Src/009USART_send_test.c" -mcpu=cortex-m4 -std=gnu11 -g3 -DDEBUG -DSTM32 -DSTM32F4 -DSTM32F446ZETx -c -I../Inc -I"/Users/sscl/Desktop/m11003419/自學/cortexm/stm32f4xx_drivers/drivers/Inc" -O0 -ffunction-sections -fdata-sections -Wall -fstack-usage -MMD -MP -MF"Src/009USART_send_test.d" -MT"Src/009USART_send_test.o" --specs=nano.specs -mfpu=fpv4-sp-d16 -mfloat-abi=hard -mthumb -o "Src/009USART_send_test.o"
../Src/009USART_send_test.c: In function 'GPIO_ButtonInit':
../Src/009USART_send_test.c:52:42: error: 'GPIO_PIN_NO_013' undeclared (first use in this function); did you mean 'GPIO_PIN_NO_13'?
   52 |  GPIOBtn.GPIO_PinConfig.GPIO_PinNumber = GPIO_PIN_NO_013;
      |                                          ^~~~~~~~~~~~~~~
      |                                          GPIO_PIN_NO_13
../Src/009USART_send_test.c:52:42: note: each undeclared identifier is reported only once for each function it appears in
make: *** [Src/subdir.mk:19: Src/009USART_send_test.o] Error 1
"make -j3 all" terminated with exit code 2. Build might be incomplete.
18:45:10 **** Incremental Build of configuration Debug for project stm32f4xx_drivers ****
make -j3 all 
arm-none-eabi-gcc "../Src/009USART_send_test.c" -mcpu=cortex-m4 -std=gnu11 -g3 -DDEBUG -DSTM32 -DSTM32F4 -DSTM32F446ZETx -c -I../Inc -I"/Users/sscl/Desktop/m11003419/自學/cortexm/stm32f4xx_drivers/drivers/Inc" -O0 -ffunction-sections -fdata-sections -Wall -fstack-usage -MMD -MP -MF"Src/009USART_send_test.d" -MT"Src/009USART_send_test.o" --specs=nano.specs -mfpu=fpv4-sp-d16 -mfloat-abi=hard -mthumb -o "Src/009USART_send_test.o"
arm-none-eabi-gcc -o "stm32f4xx_drivers.elf" @"objects.list"   -mcpu=cortex-m4 -T"/Users/sscl/Desktop/m11003419/自學/cortexm/stm32f4xx_drivers/STM32F446ZETX_FLASH.ld" --specs=nosys.specs -Wl,-Map="stm32f4xx_drivers.map" -Wl,--gc-sections -static -specs=rdimon.specs -lc -lrdimon --specs=nano.specs -mfpu=fpv4-sp-d16 -mfloat-abi=hard -mthumb -Wl,--start-group -lc -lm -Wl,--end-group
/Applications/STM32CubeIDE.app/Contents/Eclipse/plugins/com.st.stm32cube.ide.mcu.externaltools.gnu-tools-for-stm32.10.3-2021.10.macos64_1.0.100.202210260954/tools/bin/../lib/gcc/arm-none-eabi/10.3.1/../../../../arm-none-eabi/bin/ld: ./drivers/Src/stm32f446_usart_driver.o: in function `USART_Init':
/Users/sscl/Desktop/m11003419/自學/cortexm/stm32f4xx_drivers/Debug/../drivers/Src/stm32f446_usart_driver.c:80: undefined reference to `USART_PeriClockControl'
collect2: error: ld returned 1 exit status
make: *** [makefile:64: stm32f4xx_drivers.elf] Error 1
"make -j3 all" terminated with exit code 2. Build might be incomplete.
18:47:34 **** Incremental Build of configuration Debug for project stm32f4xx_drivers ****
make -j3 all 
arm-none-eabi-gcc "../drivers/Src/stm32f446_usart_driver.c" -mcpu=cortex-m4 -std=gnu11 -g3 -DDEBUG -DSTM32 -DSTM32F4 -DSTM32F446ZETx -c -I../Inc -I"/Users/sscl/Desktop/m11003419/自學/cortexm/stm32f4xx_drivers/drivers/Inc" -O0 -ffunction-sections -fdata-sections -Wall -fstack-usage -MMD -MP -MF"drivers/Src/stm32f446_usart_driver.d" -MT"drivers/Src/stm32f446_usart_driver.o" --specs=nano.specs -mfpu=fpv4-sp-d16 -mfloat-abi=hard -mthumb -o "drivers/Src/stm32f446_usart_driver.o"
../drivers/Src/stm32f446_usart_driver.c: In function 'USART_PeriClockControl':
../drivers/Src/stm32f446_usart_driver.c:193:4: warning: implicit declaration of function 'UART4_PCCK_EN'; did you mean 'USART4_PCCK_EN'? [-Wimplicit-function-declaration]
  193 |    UART4_PCCK_EN();
      |    ^~~~~~~~~~~~~
      |    USART4_PCCK_EN
arm-none-eabi-gcc -o "stm32f4xx_drivers.elf" @"objects.list"   -mcpu=cortex-m4 -T"/Users/sscl/Desktop/m11003419/自學/cortexm/stm32f4xx_drivers/STM32F446ZETX_FLASH.ld" --specs=nosys.specs -Wl,-Map="stm32f4xx_drivers.map" -Wl,--gc-sections -static -specs=rdimon.specs -lc -lrdimon --specs=nano.specs -mfpu=fpv4-sp-d16 -mfloat-abi=hard -mthumb -Wl,--start-group -lc -lm -Wl,--end-group
/Applications/STM32CubeIDE.app/Contents/Eclipse/plugins/com.st.stm32cube.ide.mcu.externaltools.gnu-tools-for-stm32.10.3-2021.10.macos64_1.0.100.202210260954/tools/bin/../lib/gcc/arm-none-eabi/10.3.1/../../../../arm-none-eabi/bin/ld: ./drivers/Src/stm32f446_usart_driver.o: in function `USART_PeriClockControl':
/Users/sscl/Desktop/m11003419/自學/cortexm/stm32f4xx_drivers/Debug/../drivers/Src/stm32f446_usart_driver.c:193: undefined reference to `UART4_PCCK_EN'
collect2: error: ld returned 1 exit status
make: *** [makefile:64: stm32f4xx_drivers.elf] Error 1
"make -j3 all" terminated with exit code 2. Build might be incomplete.
18:48:37 **** Incremental Build of configuration Debug for project stm32f4xx_drivers ****
make -j3 all 
arm-none-eabi-gcc "../drivers/Src/stm32f446_usart_driver.c" -mcpu=cortex-m4 -std=gnu11 -g3 -DDEBUG -DSTM32 -DSTM32F4 -DSTM32F446ZETx -c -I../Inc -I"/Users/sscl/Desktop/m11003419/自學/cortexm/stm32f4xx_drivers/drivers/Inc" -O0 -ffunction-sections -fdata-sections -Wall -fstack-usage -MMD -MP -MF"drivers/Src/stm32f446_usart_driver.d" -MT"drivers/Src/stm32f446_usart_driver.o" --specs=nano.specs -mfpu=fpv4-sp-d16 -mfloat-abi=hard -mthumb -o "drivers/Src/stm32f446_usart_driver.o"
arm-none-eabi-gcc -o "stm32f4xx_drivers.elf" @"objects.list"   -mcpu=cortex-m4 -T"/Users/sscl/Desktop/m11003419/自學/cortexm/stm32f4xx_drivers/STM32F446ZETX_FLASH.ld" --specs=nosys.specs -Wl,-Map="stm32f4xx_drivers.map" -Wl,--gc-sections -static -specs=rdimon.specs -lc -lrdimon --specs=nano.specs -mfpu=fpv4-sp-d16 -mfloat-abi=hard -mthumb -Wl,--start-group -lc -lm -Wl,--end-group
Finished building target: stm32f4xx_drivers.elf
 
arm-none-eabi-size   stm32f4xx_drivers.elf 
arm-none-eabi-objdump -h -S  stm32f4xx_drivers.elf  > "stm32f4xx_drivers.list"
   text	   data	    bss	    dec	    hex	filename
   3428	   1052	   1604	   6084	   17c4	stm32f4xx_drivers.elf
Finished building: default.size.stdout
 
Finished building: stm32f4xx_drivers.list
 
18:50:18 **** Incremental Build of configuration Debug for project stm32f4xx_drivers ****
make -j3 all 
arm-none-eabi-size   stm32f4xx_drivers.elf 
   text	   data	    bss	    dec	    hex	filename
   3428	   1052	   1604	   6084	   17c4	stm32f4xx_drivers.elf
Finished building: default.size.stdout
 
